Watching for file changes with StatReloader
[06/Jun/2026 03:13:11] "GET /api/restaurant-profile/ HTTP/1.1" 200 514
[06/Jun/2026 03:13:11] "GET /api/restaurant-profile/ HTTP/1.1" 200 514
[06/Jun/2026 03:13:55] "GET /api/restaurant-profile/ HTTP/1.1" 200 514
[06/Jun/2026 03:13:55] "GET /api/restaurant-profile/ HTTP/1.1" 200 514
/Users/imyigitcengiz/Downloads/bidolupos-app/backend/api/models.py changed, reloading.
Performing system checks...

System check identified no issues (0 silenced).
June 06, 2026 - 03:13:10
Django version 6.0.6, using settings 'bidolupos.settings'
Starting development server at http://127.0.0.1:8000/
Quit the server with CONTROL-C.

WARNING: This is a development server. Do not use it in a production setting. Use a production WSGI or ASGI server instead.
For more information on production servers see: https://docs.djangoproject.com/en/6.0/howto/deployment/
Watching for file changes with StatReloader
[06/Jun/2026 03:14:02] "OPTIONS /api/restaurant-profile/2/ HTTP/1.1" 200 0
Internal Server Error: /api/restaurant-profile/2/
Traceback (most recent call last):
  File "/Users/imyigitcengiz/Downloads/bidolupos-app/backend/venv/lib/python3.14/site-packages/django/db/backends/utils.py", line 105, in _execute
    return self.cursor.execute(sql, params)
           ~~~~~~~~~~~~~~~~~~~^^^^^^^^^^^^^
  File "/Users/imyigitcengiz/Downloads/bidolupos-app/backend/venv/lib/python3.14/site-packages/django/db/backends/sqlite3/base.py", line 359, in execute
    return super().execute(query, params)
           ~~~~~~~~~~~~~~~^^^^^^^^^^^^^^^
sqlite3.OperationalError: no such column: api_restaurantprofile.website_custom_domain

The above exception was the direct cause of the following exception:

Traceback (most recent call last):
  File "/Users/imyigitcengiz/Downloads/bidolupos-app/backend/venv/lib/python3.14/site-packages/django/core/handlers/exception.py", line 55, in inner
    response = get_response(request)
  File "/Users/imyigitcengiz/Downloads/bidolupos-app/backend/venv/lib/python3.14/site-packages/django/core/handlers/base.py", line 198, in _get_response
    response = wrapped_callback(request, *callback_args, **callback_kwargs)
  File "/Users/imyigitcengiz/Downloads/bidolupos-app/backend/venv/lib/python3.14/site-packages/django/views/decorators/csrf.py", line 65, in _view_wrapper
    return view_func(request, *args, **kwargs)
  File "/Users/imyigitcengiz/Downloads/bidolupos-app/backend/venv/lib/python3.14/site-packages/rest_framework/viewsets.py", line 125, in view
    return self.dispatch(request, *args, **kwargs)
           ~~~~~~~~~~~~~^^^^^^^^^^^^^^^^^^^^^^^^^^
  File "/Users/imyigitcengiz/Downloads/bidolupos-app/backend/venv/lib/python3.14/site-packages/rest_framework/views.py", line 515, in dispatch
    response = self.handle_exception(exc)
  File "/Users/imyigitcengiz/Downloads/bidolupos-app/backend/venv/lib/python3.14/site-packages/rest_framework/views.py", line 475, in handle_exception
    self.raise_uncaught_exception(exc)
    ~~~~~~~~~~~~~~~~~~~~~~~~~~~~~^^^^^
  File "/Users/imyigitcengiz/Downloads/bidolupos-app/backend/venv/lib/python3.14/site-packages/rest_framework/views.py", line 486, in raise_uncaught_exception
    raise exc
  File "/Users/imyigitcengiz/Downloads/bidolupos-app/backend/venv/lib/python3.14/site-packages/rest_framework/views.py", line 512, in dispatch
    response = handler(request, *args, **kwargs)
  File "/Users/imyigitcengiz/Downloads/bidolupos-app/backend/venv/lib/python3.14/site-packages/rest_framework/mixins.py", line 82, in partial_update
    return self.update(request, *args, **kwargs)
           ~~~~~~~~~~~^^^^^^^^^^^^^^^^^^^^^^^^^^
  File "/Users/imyigitcengiz/Downloads/bidolupos-app/backend/venv/lib/python3.14/site-packages/rest_framework/mixins.py", line 65, in update
    instance = self.get_object()
  File "/Users/imyigitcengiz/Downloads/bidolupos-app/backend/venv/lib/python3.14/site-packages/rest_framework/generics.py", line 100, in get_object
    obj = get_object_or_404(queryset, **filter_kwargs)
  File "/Users/imyigitcengiz/Downloads/bidolupos-app/backend/venv/lib/python3.14/site-packages/rest_framework/generics.py", line 19, in get_object_or_404
    return _get_object_or_404(queryset, *filter_args, **filter_kwargs)
  File "/Users/imyigitcengiz/Downloads/bidolupos-app/backend/venv/lib/python3.14/site-packages/django/shortcuts.py", line 90, in get_object_or_404
    return queryset.get(*args, **kwargs)
           ~~~~~~~~~~~~^^^^^^^^^^^^^^^^^
  File "/Users/imyigitcengiz/Downloads/bidolupos-app/backend/venv/lib/python3.14/site-packages/django/db/models/query.py", line 635, in get
    num = len(clone)
  File "/Users/imyigitcengiz/Downloads/bidolupos-app/backend/venv/lib/python3.14/site-packages/django/db/models/query.py", line 372, in __len__
    self._fetch_all()
    ~~~~~~~~~~~~~~~^^
  File "/Users/imyigitcengiz/Downloads/bidolupos-app/backend/venv/lib/python3.14/site-packages/django/db/models/query.py", line 2000, in _fetch_all
    self._result_cache = list(self._iterable_class(self))
                         ~~~~^^^^^^^^^^^^^^^^^^^^^^^^^^^^
  File "/Users/imyigitcengiz/Downloads/bidolupos-app/backend/venv/lib/python3.14/site-packages/django/db/models/query.py", line 95, in __iter__
    results = compiler.execute_sql(
        chunked_fetch=self.chunked_fetch, chunk_size=self.chunk_size
    )
  File "/Users/imyigitcengiz/Downloads/bidolupos-app/backend/venv/lib/python3.14/site-packages/django/db/models/sql/compiler.py", line 1624, in execute_sql
    cursor.execute(sql, params)
    ~~~~~~~~~~~~~~^^^^^^^^^^^^^
  File "/Users/imyigitcengiz/Downloads/bidolupos-app/backend/venv/lib/python3.14/site-packages/django/db/backends/utils.py", line 122, in execute
    return super().execute(sql, params)
           ~~~~~~~~~~~~~~~^^^^^^^^^^^^^
  File "/Users/imyigitcengiz/Downloads/bidolupos-app/backend/venv/lib/python3.14/site-packages/django/db/backends/utils.py", line 79, in execute
    return self._execute_with_wrappers(
           ~~~~~~~~~~~~~~~~~~~~~~~~~~~^
        sql, params, many=False, executor=self._execute
        ^^^^^^^^^^^^^^^^^^^^^^^^^^^^^^^^^^^^^^^^^^^^^^^
    )
    ^
  File "/Users/imyigitcengiz/Downloads/bidolupos-app/backend/venv/lib/python3.14/site-packages/django/db/backends/utils.py", line 92, in _execute_with_wrappers
    return executor(sql, params, many, context)
  File "/Users/imyigitcengiz/Downloads/bidolupos-app/backend/venv/lib/python3.14/site-packages/django/db/backends/utils.py", line 100, in _execute
    with self.db.wrap_database_errors:
         ^^^^^^^^^^^^^^^^^^^^^^^^^^^^
  File "/Users/imyigitcengiz/Downloads/bidolupos-app/backend/venv/lib/python3.14/site-packages/django/db/utils.py", line 94, in __exit__
    raise dj_exc_value.with_traceback(traceback) from exc_value
  File "/Users/imyigitcengiz/Downloads/bidolupos-app/backend/venv/lib/python3.14/site-packages/django/db/backends/utils.py", line 105, in _execute
    return self.cursor.execute(sql, params)
           ~~~~~~~~~~~~~~~~~~~^^^^^^^^^^^^^
  File "/Users/imyigitcengiz/Downloads/bidolupos-app/backend/venv/lib/python3.14/site-packages/django/db/backends/sqlite3/base.py", line 359, in execute
    return super().execute(query, params)
           ~~~~~~~~~~~~~~~^^^^^^^^^^^^^^^
django.db.utils.OperationalError: no such column: api_restaurantprofile.website_custom_domain
[06/Jun/2026 03:14:02] "PATCH /api/restaurant-profile/2/ HTTP/1.1" 500 187197
[06/Jun/2026 03:14:04] "PATCH /api/restaurant-profile/2/ HTTP/1.1" 200 683
[06/Jun/2026 03:14:05] "GET /api/restaurant-profile/ HTTP/1.1" 200 685
[06/Jun/2026 03:14:19] "GET /api/restaurant-profile/ HTTP/1.1" 200 907
[06/Jun/2026 03:14:19] "GET /api/restaurant-profile/ HTTP/1.1" 200 907
[06/Jun/2026 03:14:20] "GET /api/restaurant-profile/ HTTP/1.1" 200 907
[06/Jun/2026 03:14:20] "GET /api/restaurant-profile/ HTTP/1.1" 200 907
[06/Jun/2026 03:14:21] "GET /api/expenses/ HTTP/1.1" 200 344
[06/Jun/2026 03:14:21] "GET /api/expenses/ HTTP/1.1" 200 344
[06/Jun/2026 03:14:21] "GET /api/dashboard-stats/ HTTP/1.1" 200 543
[06/Jun/2026 03:14:21] "GET /api/dashboard-stats/ HTTP/1.1" 200 543
[06/Jun/2026 03:14:21] "GET /api/orders/ HTTP/1.1" 200 30778
[06/Jun/2026 03:14:21] "GET /api/orders/ HTTP/1.1" 200 30778
[06/Jun/2026 03:14:22] "GET /api/expenses/ HTTP/1.1" 200 344
[06/Jun/2026 03:14:22] "GET /api/expenses/ HTTP/1.1" 200 344
[06/Jun/2026 03:14:23] "GET /api/dashboard-stats/ HTTP/1.1" 200 543
[06/Jun/2026 03:14:23] "GET /api/dashboard-stats/ HTTP/1.1" 200 543
[06/Jun/2026 03:14:24] "GET /api/tables/ HTTP/1.1" 200 720
[06/Jun/2026 03:14:24] "GET /api/tables/ HTTP/1.1" 200 720
[06/Jun/2026 03:14:24] "GET /api/orders/?active=true HTTP/1.1" 200 2
[06/Jun/2026 03:14:24] "GET /api/orders/?active=true HTTP/1.1" 200 2
[06/Jun/2026 03:14:25] "GET /api/order-channels/ HTTP/1.1" 200 565
[06/Jun/2026 03:14:25] "GET /api/couriers/ HTTP/1.1" 200 217
[06/Jun/2026 03:14:25] "GET /api/order-channels/ HTTP/1.1" 200 565
[06/Jun/2026 03:14:25] "GET /api/couriers/ HTTP/1.1" 200 217
[06/Jun/2026 03:14:25] "GET /api/orders/ HTTP/1.1" 200 30778
[06/Jun/2026 03:14:25] "GET /api/orders/ HTTP/1.1" 200 30778
[06/Jun/2026 03:14:26] "GET /api/orders/?active=true HTTP/1.1" 200 2
[06/Jun/2026 03:14:26] "GET /api/orders/?active=true HTTP/1.1" 200 2
[06/Jun/2026 03:14:26] "GET /api/categories/ HTTP/1.1" 200 230
[06/Jun/2026 03:14:26] "GET /api/categories/ HTTP/1.1" 200 230
[06/Jun/2026 03:14:26] "GET /api/menu-items/ HTTP/1.1" 200 2568
[06/Jun/2026 03:14:26] "GET /api/menu-items/ HTTP/1.1" 200 2568
[06/Jun/2026 03:14:27] "GET /api/ingredients/ HTTP/1.1" 200 459
[06/Jun/2026 03:14:27] "GET /api/recipes/ HTTP/1.1" 200 349
[06/Jun/2026 03:14:27] "GET /api/recipe-ingredients/ HTTP/1.1" 200 275
[06/Jun/2026 03:14:27] "GET /api/ingredients/ HTTP/1.1" 200 459
[06/Jun/2026 03:14:27] "GET /api/recipes/ HTTP/1.1" 200 349
[06/Jun/2026 03:14:27] "GET /api/recipe-ingredients/ HTTP/1.1" 200 275
[06/Jun/2026 03:14:27] "GET /api/menu-items/ HTTP/1.1" 200 2568
[06/Jun/2026 03:14:27] "GET /api/menu-items/ HTTP/1.1" 200 2568
[06/Jun/2026 03:14:37] "GET /api/categories/ HTTP/1.1" 200 230
[06/Jun/2026 03:14:37] "GET /api/categories/ HTTP/1.1" 200 230
[06/Jun/2026 03:14:37] "GET /api/menu-items/ HTTP/1.1" 200 2568
[06/Jun/2026 03:14:37] "GET /api/menu-items/ HTTP/1.1" 200 2568
[06/Jun/2026 03:14:37] "GET /api/orders/?active=true HTTP/1.1" 200 2
[06/Jun/2026 03:14:37] "GET /api/orders/?active=true HTTP/1.1" 200 2
[06/Jun/2026 03:14:38] "GET /api/order-channels/ HTTP/1.1" 200 565
[06/Jun/2026 03:14:38] "GET /api/couriers/ HTTP/1.1" 200 217
[06/Jun/2026 03:14:38] "GET /api/couriers/ HTTP/1.1" 200 217
[06/Jun/2026 03:14:38] "GET /api/order-channels/ HTTP/1.1" 200 565
[06/Jun/2026 03:14:38] "GET /api/orders/ HTTP/1.1" 200 30778
[06/Jun/2026 03:14:38] "GET /api/orders/ HTTP/1.1" 200 30778
[06/Jun/2026 03:14:39] "GET /api/tables/ HTTP/1.1" 200 720
[06/Jun/2026 03:14:39] "GET /api/tables/ HTTP/1.1" 200 720
[06/Jun/2026 03:14:39] "GET /api/orders/?active=true HTTP/1.1" 200 2
[06/Jun/2026 03:14:39] "GET /api/orders/?active=true HTTP/1.1" 200 2
[06/Jun/2026 03:14:40] "GET /api/dashboard-stats/ HTTP/1.1" 200 543
[06/Jun/2026 03:14:40] "GET /api/dashboard-stats/ HTTP/1.1" 200 543
[06/Jun/2026 03:14:41] "GET /api/staff-members/ HTTP/1.1" 200 117
[06/Jun/2026 03:14:41] "GET /api/staff-members/ HTTP/1.1" 200 117
[06/Jun/2026 03:14:42] "GET /api/cash-registers/ HTTP/1.1" 200 79
[06/Jun/2026 03:14:42] "GET /api/cash-registers/ HTTP/1.1" 200 79
[06/Jun/2026 03:14:46] "GET /api/recipes/ HTTP/1.1" 200 349
[06/Jun/2026 03:14:46] "GET /api/ingredients/ HTTP/1.1" 200 459
[06/Jun/2026 03:14:46] "GET /api/recipe-ingredients/ HTTP/1.1" 200 275
[06/Jun/2026 03:14:46] "GET /api/recipes/ HTTP/1.1" 200 349
[06/Jun/2026 03:14:46] "GET /api/ingredients/ HTTP/1.1" 200 459
[06/Jun/2026 03:14:46] "GET /api/recipe-ingredients/ HTTP/1.1" 200 275
[06/Jun/2026 03:14:46] "GET /api/menu-items/ HTTP/1.1" 200 2568
[06/Jun/2026 03:14:46] "GET /api/menu-items/ HTTP/1.1" 200 2568
[06/Jun/2026 03:14:50] "GET /api/restaurant-profile/ HTTP/1.1" 200 907
[06/Jun/2026 03:14:50] "GET /api/restaurant-profile/ HTTP/1.1" 200 907
[06/Jun/2026 03:14:51] "GET /api/restaurant-profile/ HTTP/1.1" 200 907
[06/Jun/2026 03:14:51] "GET /api/restaurant-profile/ HTTP/1.1" 200 907
[06/Jun/2026 03:15:06] "OPTIONS /api/restaurant-profile/3/ HTTP/1.1" 200 0
[06/Jun/2026 03:15:06] "PATCH /api/restaurant-profile/3/ HTTP/1.1" 200 905
[06/Jun/2026 03:15:07] "GET /api/restaurant-profile/ HTTP/1.1" 200 907
[06/Jun/2026 03:15:12] "GET /api/dashboard-stats/ HTTP/1.1" 200 543
[06/Jun/2026 03:15:12] "GET /api/dashboard-stats/ HTTP/1.1" 200 543
[06/Jun/2026 03:15:45] "GET /api/categories/ HTTP/1.1" 200 230
[06/Jun/2026 03:15:45] "GET /api/categories/ HTTP/1.1" 200 230
[06/Jun/2026 03:15:45] "GET /api/menu-items/ HTTP/1.1" 200 2568
[06/Jun/2026 03:15:45] "GET /api/menu-items/ HTTP/1.1" 200 2568
[06/Jun/2026 03:15:47] "GET /api/orders/?active=true HTTP/1.1" 200 2
[06/Jun/2026 03:15:47] "GET /api/orders/?active=true HTTP/1.1" 200 2
[06/Jun/2026 03:15:48] "GET /api/dashboard-stats/ HTTP/1.1" 200 543
[06/Jun/2026 03:15:48] "GET /api/dashboard-stats/ HTTP/1.1" 200 543
[06/Jun/2026 03:15:50] "GET /api/ingredients/ HTTP/1.1" 200 459
[06/Jun/2026 03:15:50] "GET /api/recipes/ HTTP/1.1" 200 349
[06/Jun/2026 03:15:50] "GET /api/recipe-ingredients/ HTTP/1.1" 200 275
[06/Jun/2026 03:15:50] "GET /api/recipe-ingredients/ HTTP/1.1" 200 275
[06/Jun/2026 03:15:50] "GET /api/ingredients/ HTTP/1.1" 200 459
[06/Jun/2026 03:15:50] "GET /api/recipes/ HTTP/1.1" 200 349
[06/Jun/2026 03:15:50] "GET /api/menu-items/ HTTP/1.1" 200 2568
[06/Jun/2026 03:15:50] "GET /api/menu-items/ HTTP/1.1" 200 2568
[06/Jun/2026 03:15:51] "GET /api/staff-members/ HTTP/1.1" 200 117
[06/Jun/2026 03:15:51] "GET /api/staff-members/ HTTP/1.1" 200 117
[06/Jun/2026 03:16:07] "GET /api/staff-members/ HTTP/1.1" 200 117
[06/Jun/2026 03:16:07] "GET /api/staff-members/ HTTP/1.1" 200 117
[06/Jun/2026 03:16:08] "GET /api/dashboard-stats/ HTTP/1.1" 200 543
[06/Jun/2026 03:16:08] "GET /api/dashboard-stats/ HTTP/1.1" 200 543
[06/Jun/2026 03:16:12] "GET /api/tables/ HTTP/1.1" 200 720
[06/Jun/2026 03:16:12] "GET /api/orders/?active=true HTTP/1.1" 200 2
[06/Jun/2026 03:16:12] "GET /api/tables/ HTTP/1.1" 200 720
[06/Jun/2026 03:16:12] "GET /api/orders/?active=true HTTP/1.1" 200 2
[06/Jun/2026 03:16:12] "GET /api/couriers/ HTTP/1.1" 200 217
[06/Jun/2026 03:16:12] "GET /api/order-channels/ HTTP/1.1" 200 565
[06/Jun/2026 03:16:12] "GET /api/order-channels/ HTTP/1.1" 200 565
[06/Jun/2026 03:16:12] "GET /api/couriers/ HTTP/1.1" 200 217
[06/Jun/2026 03:16:12] "GET /api/orders/ HTTP/1.1" 200 30778
[06/Jun/2026 03:16:12] "GET /api/orders/ HTTP/1.1" 200 30778
[06/Jun/2026 03:16:13] "GET /api/orders/?active=true HTTP/1.1" 200 2
[06/Jun/2026 03:16:13] "GET /api/orders/?active=true HTTP/1.1" 200 2
[06/Jun/2026 03:16:14] "GET /api/categories/ HTTP/1.1" 200 230
[06/Jun/2026 03:16:14] "GET /api/categories/ HTTP/1.1" 200 230
[06/Jun/2026 03:16:14] "GET /api/menu-items/ HTTP/1.1" 200 2568
[06/Jun/2026 03:16:14] "GET /api/menu-items/ HTTP/1.1" 200 2568
[06/Jun/2026 03:16:15] "GET /api/ingredients/ HTTP/1.1" 200 459
[06/Jun/2026 03:16:15] "GET /api/recipe-ingredients/ HTTP/1.1" 200 275
[06/Jun/2026 03:16:15] "GET /api/recipes/ HTTP/1.1" 200 349
[06/Jun/2026 03:16:15] "GET /api/ingredients/ HTTP/1.1" 200 459
[06/Jun/2026 03:16:15] "GET /api/recipes/ HTTP/1.1" 200 349
[06/Jun/2026 03:16:15] "GET /api/recipe-ingredients/ HTTP/1.1" 200 275
[06/Jun/2026 03:16:15] "GET /api/menu-items/ HTTP/1.1" 200 2568
[06/Jun/2026 03:16:15] "GET /api/menu-items/ HTTP/1.1" 200 2568
[06/Jun/2026 03:16:16] "GET /api/cash-registers/ HTTP/1.1" 200 79
[06/Jun/2026 03:16:16] "GET /api/cash-registers/ HTTP/1.1" 200 79
[06/Jun/2026 03:16:17] "GET /api/staff-members/ HTTP/1.1" 200 117
[06/Jun/2026 03:16:17] "GET /api/staff-members/ HTTP/1.1" 200 117
[06/Jun/2026 03:16:18] "GET /api/expenses/ HTTP/1.1" 200 344
[06/Jun/2026 03:16:18] "GET /api/expenses/ HTTP/1.1" 200 344
[06/Jun/2026 03:16:19] "GET /api/couriers/ HTTP/1.1" 200 217
[06/Jun/2026 03:16:19] "GET /api/courier-logs/ HTTP/1.1" 200 2551
[06/Jun/2026 03:16:19] "GET /api/couriers/ HTTP/1.1" 200 217
[06/Jun/2026 03:16:19] "GET /api/courier-logs/ HTTP/1.1" 200 2551
[06/Jun/2026 03:16:19] "GET /api/expenses/ HTTP/1.1" 200 344
[06/Jun/2026 03:16:19] "GET /api/expenses/ HTTP/1.1" 200 344
[06/Jun/2026 03:16:19] "GET /api/dashboard-stats/ HTTP/1.1" 200 543
[06/Jun/2026 03:16:19] "GET /api/dashboard-stats/ HTTP/1.1" 200 543
[06/Jun/2026 03:16:19] "GET /api/orders/ HTTP/1.1" 200 30778
[06/Jun/2026 03:16:19] "GET /api/orders/ HTTP/1.1" 200 30778
[06/Jun/2026 03:16:20] "GET /api/restaurant-profile/ HTTP/1.1" 200 907
[06/Jun/2026 03:16:20] "GET /api/restaurant-profile/ HTTP/1.1" 200 907
[06/Jun/2026 03:16:21] "GET /api/restaurant-profile/ HTTP/1.1" 200 907
[06/Jun/2026 03:16:21] "GET /api/restaurant-profile/ HTTP/1.1" 200 907
[06/Jun/2026 03:16:23] "GET /api/restaurant-profile/ HTTP/1.1" 200 907
[06/Jun/2026 03:16:23] "GET /api/restaurant-profile/ HTTP/1.1" 200 907
/Users/imyigitcengiz/Downloads/bidolupos-app/backend/api/models.py changed, reloading.
Performing system checks...

System check identified no issues (0 silenced).
June 06, 2026 - 03:14:00
Django version 6.0.6, using settings 'bidolupos.settings'
Starting development server at http://127.0.0.1:8000/
Quit the server with CONTROL-C.

WARNING: This is a development server. Do not use it in a production setting. Use a production WSGI or ASGI server instead.
For more information on production servers see: https://docs.djangoproject.com/en/6.0/howto/deployment/
Watching for file changes with StatReloader
/Users/imyigitcengiz/Downloads/bidolupos-app/backend/api/serializers.py changed, reloading.
Performing system checks...

System check identified no issues (0 silenced).
June 06, 2026 - 03:16:26
Django version 6.0.6, using settings 'bidolupos.settings'
Starting development server at http://127.0.0.1:8000/
Quit the server with CONTROL-C.

WARNING: This is a development server. Do not use it in a production setting. Use a production WSGI or ASGI server instead.
For more information on production servers see: https://docs.djangoproject.com/en/6.0/howto/deployment/
Watching for file changes with StatReloader
/Users/imyigitcengiz/Downloads/bidolupos-app/backend/api/models.py changed, reloading.
Performing system checks...

System check identified no issues (0 silenced).
June 06, 2026 - 03:16:28
Django version 6.0.6, using settings 'bidolupos.settings'
Starting development server at http://127.0.0.1:8000/
Quit the server with CONTROL-C.

WARNING: This is a development server. Do not use it in a production setting. Use a production WSGI or ASGI server instead.
For more information on production servers see: https://docs.djangoproject.com/en/6.0/howto/deployment/
Watching for file changes with StatReloader
/Users/imyigitcengiz/Downloads/bidolupos-app/backend/api/views.py changed, reloading.
Performing system checks...

System check identified no issues (0 silenced).
June 06, 2026 - 03:16:36
Django version 6.0.6, using settings 'bidolupos.settings'
Starting development server at http://127.0.0.1:8000/
Quit the server with CONTROL-C.

WARNING: This is a development server. Do not use it in a production setting. Use a production WSGI or ASGI server instead.
For more information on production servers see: https://docs.djangoproject.com/en/6.0/howto/deployment/
Watching for file changes with StatReloader
/Users/imyigitcengiz/Downloads/bidolupos-app/backend/api/urls.py changed, reloading.
Performing system checks...

System check identified no issues (0 silenced).
June 06, 2026 - 03:16:51
Django version 6.0.6, using settings 'bidolupos.settings'
Starting development server at http://127.0.0.1:8000/
Quit the server with CONTROL-C.

WARNING: This is a development server. Do not use it in a production setting. Use a production WSGI or ASGI server instead.
For more information on production servers see: https://docs.djangoproject.com/en/6.0/howto/deployment/
Watching for file changes with StatReloader
[06/Jun/2026 03:16:54] "GET /api/expenses/ HTTP/1.1" 200 344
[06/Jun/2026 03:16:54] "GET /api/expenses/ HTTP/1.1" 200 344
[06/Jun/2026 03:16:54] "GET /api/dashboard-stats/ HTTP/1.1" 200 543
[06/Jun/2026 03:16:54] "GET /api/dashboard-stats/ HTTP/1.1" 200 543
[06/Jun/2026 03:16:54] "GET /api/orders/ HTTP/1.1" 200 30778
[06/Jun/2026 03:16:54] "GET /api/orders/ HTTP/1.1" 200 30778
[06/Jun/2026 03:16:54] "GET /api/couriers/ HTTP/1.1" 200 217
[06/Jun/2026 03:16:54] "GET /api/courier-logs/ HTTP/1.1" 200 2551
[06/Jun/2026 03:16:54] "GET /api/couriers/ HTTP/1.1" 200 217
[06/Jun/2026 03:16:54] "GET /api/courier-logs/ HTTP/1.1" 200 2551
[06/Jun/2026 03:16:55] "GET /api/expenses/ HTTP/1.1" 200 344
[06/Jun/2026 03:16:55] "GET /api/expenses/ HTTP/1.1" 200 344
[06/Jun/2026 03:16:55] "GET /api/dashboard-stats/ HTTP/1.1" 200 543
[06/Jun/2026 03:16:55] "GET /api/dashboard-stats/ HTTP/1.1" 200 543
[06/Jun/2026 03:16:55] "GET /api/orders/ HTTP/1.1" 200 30778
[06/Jun/2026 03:16:55] "GET /api/orders/ HTTP/1.1" 200 30778
[06/Jun/2026 03:16:56] "GET /api/couriers/ HTTP/1.1" 200 217
[06/Jun/2026 03:16:56] "GET /api/courier-logs/ HTTP/1.1" 200 2551
[06/Jun/2026 03:16:56] "GET /api/couriers/ HTTP/1.1" 200 217
[06/Jun/2026 03:16:56] "GET /api/courier-logs/ HTTP/1.1" 200 2551
[06/Jun/2026 03:16:57] "GET /api/expenses/ HTTP/1.1" 200 344
[06/Jun/2026 03:16:57] "GET /api/expenses/ HTTP/1.1" 200 344
[06/Jun/2026 03:16:57] "GET /api/staff-members/ HTTP/1.1" 200 117
[06/Jun/2026 03:16:57] "GET /api/staff-members/ HTTP/1.1" 200 117
[06/Jun/2026 03:16:58] "GET /api/cash-registers/ HTTP/1.1" 200 79
[06/Jun/2026 03:16:58] "GET /api/cash-registers/ HTTP/1.1" 200 79
[06/Jun/2026 03:16:59] "GET /api/ingredients/ HTTP/1.1" 200 599
[06/Jun/2026 03:16:59] "GET /api/recipes/ HTTP/1.1" 200 349
[06/Jun/2026 03:16:59] "GET /api/recipe-ingredients/ HTTP/1.1" 200 275
[06/Jun/2026 03:16:59] "GET /api/recipes/ HTTP/1.1" 200 349
[06/Jun/2026 03:16:59] "GET /api/ingredients/ HTTP/1.1" 200 599
[06/Jun/2026 03:16:59] "GET /api/menu-items/ HTTP/1.1" 200 2568
[06/Jun/2026 03:16:59] "GET /api/recipe-ingredients/ HTTP/1.1" 200 275
[06/Jun/2026 03:16:59] "GET /api/menu-items/ HTTP/1.1" 200 2568
[06/Jun/2026 03:17:00] "GET /api/categories/ HTTP/1.1" 200 230
[06/Jun/2026 03:17:00] "GET /api/categories/ HTTP/1.1" 200 230
[06/Jun/2026 03:17:00] "GET /api/menu-items/ HTTP/1.1" 200 2568
[06/Jun/2026 03:17:00] "GET /api/menu-items/ HTTP/1.1" 200 2568
/Users/imyigitcengiz/Downloads/bidolupos-app/backend/api/models.py changed, reloading.
Performing system checks...

System check identified no issues (0 silenced).
June 06, 2026 - 03:16:52
Django version 6.0.6, using settings 'bidolupos.settings'
Starting development server at http://127.0.0.1:8000/
Quit the server with CONTROL-C.

WARNING: This is a development server. Do not use it in a production setting. Use a production WSGI or ASGI server instead.
For more information on production servers see: https://docs.djangoproject.com/en/6.0/howto/deployment/
Watching for file changes with StatReloader
/Users/imyigitcengiz/Downloads/bidolupos-app/backend/api/serializers.py changed, reloading.
Performing system checks...

System check identified no issues (0 silenced).
June 06, 2026 - 03:17:59
Django version 6.0.6, using settings 'bidolupos.settings'
Starting development server at http://127.0.0.1:8000/
Quit the server with CONTROL-C.

WARNING: This is a development server. Do not use it in a production setting. Use a production WSGI or ASGI server instead.
For more information on production servers see: https://docs.djangoproject.com/en/6.0/howto/deployment/
Watching for file changes with StatReloader
/Users/imyigitcengiz/Downloads/bidolupos-app/backend/api/views.py changed, reloading.
Performing system checks...

System check identified no issues (0 silenced).
June 06, 2026 - 03:18:04
Django version 6.0.6, using settings 'bidolupos.settings'
Starting development server at http://127.0.0.1:8000/
Quit the server with CONTROL-C.

WARNING: This is a development server. Do not use it in a production setting. Use a production WSGI or ASGI server instead.
For more information on production servers see: https://docs.djangoproject.com/en/6.0/howto/deployment/
Watching for file changes with StatReloader
/Users/imyigitcengiz/Downloads/bidolupos-app/backend/api/urls.py changed, reloading.
Performing system checks...

System check identified no issues (0 silenced).
June 06, 2026 - 03:18:10
Django version 6.0.6, using settings 'bidolupos.settings'
Starting development server at http://127.0.0.1:8000/
Quit the server with CONTROL-C.

WARNING: This is a development server. Do not use it in a production setting. Use a production WSGI or ASGI server instead.
For more information on production servers see: https://docs.djangoproject.com/en/6.0/howto/deployment/
Watching for file changes with StatReloader
[06/Jun/2026 03:18:56] "GET /api/categories/ HTTP/1.1" 200 230
[06/Jun/2026 03:18:56] "GET /api/categories/ HTTP/1.1" 200 230
[06/Jun/2026 03:18:56] "GET /api/menu-items/ HTTP/1.1" 200 2574
[06/Jun/2026 03:18:56] "GET /api/menu-items/ HTTP/1.1" 200 2574
[06/Jun/2026 03:19:22] "GET /api/categories/ HTTP/1.1" 200 230
[06/Jun/2026 03:19:22] "GET /api/categories/ HTTP/1.1" 200 230
[06/Jun/2026 03:19:22] "GET /api/menu-items/ HTTP/1.1" 200 2574
[06/Jun/2026 03:19:22] "GET /api/menu-items/ HTTP/1.1" 200 2574
[06/Jun/2026 03:19:23] "GET /api/categories/ HTTP/1.1" 200 230
[06/Jun/2026 03:19:23] "GET /api/categories/ HTTP/1.1" 200 230
[06/Jun/2026 03:19:23] "GET /api/menu-items/ HTTP/1.1" 200 2574
[06/Jun/2026 03:19:23] "GET /api/menu-items/ HTTP/1.1" 200 2574
[06/Jun/2026 03:19:29] "GET /api/staff-members/ HTTP/1.1" 200 118
[06/Jun/2026 03:19:29] "GET /api/staff-members/ HTTP/1.1" 200 118
[06/Jun/2026 03:19:30] "GET /api/expenses/ HTTP/1.1" 200 345
[06/Jun/2026 03:19:30] "GET /api/expenses/ HTTP/1.1" 200 345
[06/Jun/2026 03:19:35] "GET /api/couriers/ HTTP/1.1" 200 218
[06/Jun/2026 03:19:35] "GET /api/courier-logs/ HTTP/1.1" 200 2681
[06/Jun/2026 03:19:35] "GET /api/couriers/ HTTP/1.1" 200 218
[06/Jun/2026 03:19:35] "GET /api/courier-logs/ HTTP/1.1" 200 2681
[06/Jun/2026 03:19:36] "GET /api/expenses/ HTTP/1.1" 200 345
[06/Jun/2026 03:19:36] "GET /api/expenses/ HTTP/1.1" 200 345
[06/Jun/2026 03:19:36] "GET /api/dashboard-stats/ HTTP/1.1" 200 561
[06/Jun/2026 03:19:36] "GET /api/dashboard-stats/ HTTP/1.1" 200 561
[06/Jun/2026 03:19:36] "GET /api/orders/ HTTP/1.1" 200 29647
[06/Jun/2026 03:19:36] "GET /api/orders/ HTTP/1.1" 200 29647
[06/Jun/2026 03:19:38] "GET /api/restaurant-profile/ HTTP/1.1" 200 907
[06/Jun/2026 03:19:38] "GET /api/restaurant-profile/ HTTP/1.1" 200 907
[06/Jun/2026 03:19:39] "GET /api/restaurant-profile/ HTTP/1.1" 200 907
[06/Jun/2026 03:19:39] "GET /api/restaurant-profile/ HTTP/1.1" 200 907
[06/Jun/2026 03:19:40] "GET /api/whatsapp-configs/ HTTP/1.1" 200 216
[06/Jun/2026 03:19:40] "GET /api/customers/ HTTP/1.1" 200 392
[06/Jun/2026 03:19:40] "GET /api/whatsapp-configs/ HTTP/1.1" 200 216
[06/Jun/2026 03:19:40] "GET /api/customers/ HTTP/1.1" 200 392
[06/Jun/2026 03:19:42] "GET /api/restaurant-profile/ HTTP/1.1" 200 907
[06/Jun/2026 03:19:42] "GET /api/restaurant-profile/ HTTP/1.1" 200 907
[06/Jun/2026 03:19:44] "GET /api/whatsapp-configs/ HTTP/1.1" 200 216
[06/Jun/2026 03:19:44] "GET /api/customers/ HTTP/1.1" 200 392
[06/Jun/2026 03:19:44] "GET /api/customers/ HTTP/1.1" 200 392
[06/Jun/2026 03:19:44] "GET /api/whatsapp-configs/ HTTP/1.1" 200 216
[06/Jun/2026 03:19:52] "GET /api/restaurant-profile/ HTTP/1.1" 200 907
[06/Jun/2026 03:19:52] "GET /api/restaurant-profile/ HTTP/1.1" 200 907
[06/Jun/2026 03:19:52] "GET /api/customers/ HTTP/1.1" 200 392
[06/Jun/2026 03:19:52] "GET /api/whatsapp-configs/ HTTP/1.1" 200 216
[06/Jun/2026 03:19:52] "GET /api/customers/ HTTP/1.1" 200 392
[06/Jun/2026 03:19:52] "GET /api/whatsapp-configs/ HTTP/1.1" 200 216
[06/Jun/2026 03:20:11] "GET /api/customers/ HTTP/1.1" 200 392
[06/Jun/2026 03:20:11] "GET /api/whatsapp-configs/ HTTP/1.1" 200 216
[06/Jun/2026 03:20:11] "GET /api/customers/ HTTP/1.1" 200 392
[06/Jun/2026 03:20:11] "GET /api/whatsapp-configs/ HTTP/1.1" 200 216
/Users/imyigitcengiz/Downloads/bidolupos-app/backend/api/models.py changed, reloading.
Performing system checks...

System check identified no issues (0 silenced).
June 06, 2026 - 03:18:12
Django version 6.0.6, using settings 'bidolupos.settings'
Starting development server at http://127.0.0.1:8000/
Quit the server with CONTROL-C.

WARNING: This is a development server. Do not use it in a production setting. Use a production WSGI or ASGI server instead.
For more information on production servers see: https://docs.djangoproject.com/en/6.0/howto/deployment/
Watching for file changes with StatReloader
[06/Jun/2026 03:20:12] "GET /api/whatsapp-configs/ HTTP/1.1" 200 216
[06/Jun/2026 03:20:12] "GET /api/customers/ HTTP/1.1" 200 392
[06/Jun/2026 03:20:12] "GET /api/whatsapp-configs/ HTTP/1.1" 200 216
[06/Jun/2026 03:20:12] "GET /api/customers/ HTTP/1.1" 200 392
[06/Jun/2026 03:20:13] "GET /api/whatsapp-configs/ HTTP/1.1" 200 216
[06/Jun/2026 03:20:13] "GET /api/customers/ HTTP/1.1" 200 392
[06/Jun/2026 03:20:13] "GET /api/customers/ HTTP/1.1" 200 392
[06/Jun/2026 03:20:13] "GET /api/whatsapp-configs/ HTTP/1.1" 200 216
[06/Jun/2026 03:20:15] "GET /api/customers/ HTTP/1.1" 200 392
[06/Jun/2026 03:20:15] "GET /api/whatsapp-configs/ HTTP/1.1" 200 216
[06/Jun/2026 03:20:15] "GET /api/whatsapp-configs/ HTTP/1.1" 200 216
[06/Jun/2026 03:20:15] "GET /api/customers/ HTTP/1.1" 200 392
[06/Jun/2026 03:20:15] "GET /api/whatsapp-configs/ HTTP/1.1" 200 216
[06/Jun/2026 03:20:15] "GET /api/customers/ HTTP/1.1" 200 392
[06/Jun/2026 03:20:15] "GET /api/whatsapp-configs/ HTTP/1.1" 200 216
[06/Jun/2026 03:20:15] "GET /api/customers/ HTTP/1.1" 200 392
Internal Server Error: /api/restaurant-profile/
Traceback (most recent call last):
  File "/Users/imyigitcengiz/Downloads/bidolupos-app/backend/venv/lib/python3.14/site-packages/django/db/backends/utils.py", line 105, in _execute
    return self.cursor.execute(sql, params)
           ~~~~~~~~~~~~~~~~~~~^^^^^^^^^^^^^
  File "/Users/imyigitcengiz/Downloads/bidolupos-app/backend/venv/lib/python3.14/site-packages/django/db/backends/sqlite3/base.py", line 359, in execute
    return super().execute(query, params)
           ~~~~~~~~~~~~~~~^^^^^^^^^^^^^^^
sqlite3.OperationalError: no such column: api_restaurantprofile.ext_qr_menu_enabled

The above exception was the direct cause of the following exception:

Traceback (most recent call last):
  File "/Users/imyigitcengiz/Downloads/bidolupos-app/backend/venv/lib/python3.14/site-packages/django/core/handlers/exception.py", line 55, in inner
    response = get_response(request)
  File "/Users/imyigitcengiz/Downloads/bidolupos-app/backend/venv/lib/python3.14/site-packages/django/core/handlers/base.py", line 198, in _get_response
    response = wrapped_callback(request, *callback_args, **callback_kwargs)
  File "/Users/imyigitcengiz/Downloads/bidolupos-app/backend/venv/lib/python3.14/site-packages/django/views/decorators/csrf.py", line 65, in _view_wrapper
    return view_func(request, *args, **kwargs)
  File "/Users/imyigitcengiz/Downloads/bidolupos-app/backend/venv/lib/python3.14/site-packages/rest_framework/viewsets.py", line 125, in view
    return self.dispatch(request, *args, **kwargs)
           ~~~~~~~~~~~~~^^^^^^^^^^^^^^^^^^^^^^^^^^
  File "/Users/imyigitcengiz/Downloads/bidolupos-app/backend/venv/lib/python3.14/site-packages/rest_framework/views.py", line 515, in dispatch
    response = self.handle_exception(exc)
  File "/Users/imyigitcengiz/Downloads/bidolupos-app/backend/venv/lib/python3.14/site-packages/rest_framework/views.py", line 475, in handle_exception
    self.raise_uncaught_exception(exc)
    ~~~~~~~~~~~~~~~~~~~~~~~~~~~~~^^^^^
  File "/Users/imyigitcengiz/Downloads/bidolupos-app/backend/venv/lib/python3.14/site-packages/rest_framework/views.py", line 486, in raise_uncaught_exception
    raise exc
  File "/Users/imyigitcengiz/Downloads/bidolupos-app/backend/venv/lib/python3.14/site-packages/rest_framework/views.py", line 512, in dispatch
    response = handler(request, *args, **kwargs)
  File "/Users/imyigitcengiz/Downloads/bidolupos-app/backend/venv/lib/python3.14/site-packages/rest_framework/mixins.py", line 46, in list
    return Response(serializer.data)
                    ^^^^^^^^^^^^^^^
  File "/Users/imyigitcengiz/Downloads/bidolupos-app/backend/venv/lib/python3.14/site-packages/rest_framework/serializers.py", line 809, in data
    ret = super().data
          ^^^^^^^^^^^^
  File "/Users/imyigitcengiz/Downloads/bidolupos-app/backend/venv/lib/python3.14/site-packages/rest_framework/serializers.py", line 251, in data
    self._data = self.to_representation(self.instance)
                 ~~~~~~~~~~~~~~~~~~~~~~^^^^^^^^^^^^^^^
  File "/Users/imyigitcengiz/Downloads/bidolupos-app/backend/venv/lib/python3.14/site-packages/rest_framework/serializers.py", line 728, in to_representation
    self.child.to_representation(item) for item in iterable
                                                   ^^^^^^^^
  File "/Users/imyigitcengiz/Downloads/bidolupos-app/backend/venv/lib/python3.14/site-packages/django/db/models/query.py", line 390, in __iter__
    self._fetch_all()
    ~~~~~~~~~~~~~~~^^
  File "/Users/imyigitcengiz/Downloads/bidolupos-app/backend/venv/lib/python3.14/site-packages/django/db/models/query.py", line 2000, in _fetch_all
    self._result_cache = list(self._iterable_class(self))
                         ~~~~^^^^^^^^^^^^^^^^^^^^^^^^^^^^
  File "/Users/imyigitcengiz/Downloads/bidolupos-app/backend/venv/lib/python3.14/site-packages/django/db/models/query.py", line 95, in __iter__
    results = compiler.execute_sql(
        chunked_fetch=self.chunked_fetch, chunk_size=self.chunk_size
    )
  File "/Users/imyigitcengiz/Downloads/bidolupos-app/backend/venv/lib/python3.14/site-packages/django/db/models/sql/compiler.py", line 1624, in execute_sql
    cursor.execute(sql, params)
    ~~~~~~~~~~~~~~^^^^^^^^^^^^^
  File "/Users/imyigitcengiz/Downloads/bidolupos-app/backend/venv/lib/python3.14/site-packages/django/db/backends/utils.py", line 122, in execute
    return super().execute(sql, params)
           ~~~~~~~~~~~~~~~^^^^^^^^^^^^^
  File "/Users/imyigitcengiz/Downloads/bidolupos-app/backend/venv/lib/python3.14/site-packages/django/db/backends/utils.py", line 79, in execute
    return self._execute_with_wrappers(
           ~~~~~~~~~~~~~~~~~~~~~~~~~~~^
        sql, params, many=False, executor=self._execute
        ^^^^^^^^^^^^^^^^^^^^^^^^^^^^^^^^^^^^^^^^^^^^^^^
    )
    ^
  File "/Users/imyigitcengiz/Downloads/bidolupos-app/backend/venv/lib/python3.14/site-packages/django/db/backends/utils.py", line 92, in _execute_with_wrappers
    return executor(sql, params, many, context)
  File "/Users/imyigitcengiz/Downloads/bidolupos-app/backend/venv/lib/python3.14/site-packages/django/db/backends/utils.py", line 100, in _execute
    with self.db.wrap_database_errors:
         ^^^^^^^^^^^^^^^^^^^^^^^^^^^^
  File "/Users/imyigitcengiz/Downloads/bidolupos-app/backend/venv/lib/python3.14/site-packages/django/db/utils.py", line 94, in __exit__
    raise dj_exc_value.with_traceback(traceback) from exc_value
  File "/Users/imyigitcengiz/Downloads/bidolupos-app/backend/venv/lib/python3.14/site-packages/django/db/backends/utils.py", line 105, in _execute
    return self.cursor.execute(sql, params)
           ~~~~~~~~~~~~~~~~~~~^^^^^^^^^^^^^
  File "/Users/imyigitcengiz/Downloads/bidolupos-app/backend/venv/lib/python3.14/site-packages/django/db/backends/sqlite3/base.py", line 359, in execute
    return super().execute(query, params)
           ~~~~~~~~~~~~~~~^^^^^^^^^^^^^^^
django.db.utils.OperationalError: no such column: api_restaurantprofile.ext_qr_menu_enabled
[06/Jun/2026 03:20:16] "GET /api/restaurant-profile/ HTTP/1.1" 500 180083
Internal Server Error: /api/restaurant-profile/
Traceback (most recent call last):
  File "/Users/imyigitcengiz/Downloads/bidolupos-app/backend/venv/lib/python3.14/site-packages/django/db/backends/utils.py", line 105, in _execute
    return self.cursor.execute(sql, params)
           ~~~~~~~~~~~~~~~~~~~^^^^^^^^^^^^^
  File "/Users/imyigitcengiz/Downloads/bidolupos-app/backend/venv/lib/python3.14/site-packages/django/db/backends/sqlite3/base.py", line 359, in execute
    return super().execute(query, params)
           ~~~~~~~~~~~~~~~^^^^^^^^^^^^^^^
sqlite3.OperationalError: no such column: api_restaurantprofile.ext_qr_menu_enabled

The above exception was the direct cause of the following exception:

Traceback (most recent call last):
  File "/Users/imyigitcengiz/Downloads/bidolupos-app/backend/venv/lib/python3.14/site-packages/django/core/handlers/exception.py", line 55, in inner
    response = get_response(request)
  File "/Users/imyigitcengiz/Downloads/bidolupos-app/backend/venv/lib/python3.14/site-packages/django/core/handlers/base.py", line 198, in _get_response
    response = wrapped_callback(request, *callback_args, **callback_kwargs)
  File "/Users/imyigitcengiz/Downloads/bidolupos-app/backend/venv/lib/python3.14/site-packages/django/views/decorators/csrf.py", line 65, in _view_wrapper
    return view_func(request, *args, **kwargs)
  File "/Users/imyigitcengiz/Downloads/bidolupos-app/backend/venv/lib/python3.14/site-packages/rest_framework/viewsets.py", line 125, in view
    return self.dispatch(request, *args, **kwargs)
           ~~~~~~~~~~~~~^^^^^^^^^^^^^^^^^^^^^^^^^^
  File "/Users/imyigitcengiz/Downloads/bidolupos-app/backend/venv/lib/python3.14/site-packages/rest_framework/views.py", line 515, in dispatch
    response = self.handle_exception(exc)
  File "/Users/imyigitcengiz/Downloads/bidolupos-app/backend/venv/lib/python3.14/site-packages/rest_framework/views.py", line 475, in handle_exception
    self.raise_uncaught_exception(exc)
    ~~~~~~~~~~~~~~~~~~~~~~~~~~~~~^^^^^
  File "/Users/imyigitcengiz/Downloads/bidolupos-app/backend/venv/lib/python3.14/site-packages/rest_framework/views.py", line 486, in raise_uncaught_exception
    raise exc
  File "/Users/imyigitcengiz/Downloads/bidolupos-app/backend/venv/lib/python3.14/site-packages/rest_framework/views.py", line 512, in dispatch
    response = handler(request, *args, **kwargs)
  File "/Users/imyigitcengiz/Downloads/bidolupos-app/backend/venv/lib/python3.14/site-packages/rest_framework/mixins.py", line 46, in list
    return Response(serializer.data)
                    ^^^^^^^^^^^^^^^
  File "/Users/imyigitcengiz/Downloads/bidolupos-app/backend/venv/lib/python3.14/site-packages/rest_framework/serializers.py", line 809, in data
    ret = super().data
          ^^^^^^^^^^^^
  File "/Users/imyigitcengiz/Downloads/bidolupos-app/backend/venv/lib/python3.14/site-packages/rest_framework/serializers.py", line 251, in data
    self._data = self.to_representation(self.instance)
                 ~~~~~~~~~~~~~~~~~~~~~~^^^^^^^^^^^^^^^
  File "/Users/imyigitcengiz/Downloads/bidolupos-app/backend/venv/lib/python3.14/site-packages/rest_framework/serializers.py", line 728, in to_representation
    self.child.to_representation(item) for item in iterable
                                                   ^^^^^^^^
  File "/Users/imyigitcengiz/Downloads/bidolupos-app/backend/venv/lib/python3.14/site-packages/django/db/models/query.py", line 390, in __iter__
    self._fetch_all()
    ~~~~~~~~~~~~~~~^^
  File "/Users/imyigitcengiz/Downloads/bidolupos-app/backend/venv/lib/python3.14/site-packages/django/db/models/query.py", line 2000, in _fetch_all
    self._result_cache = list(self._iterable_class(self))
                         ~~~~^^^^^^^^^^^^^^^^^^^^^^^^^^^^
  File "/Users/imyigitcengiz/Downloads/bidolupos-app/backend/venv/lib/python3.14/site-packages/django/db/models/query.py", line 95, in __iter__
    results = compiler.execute_sql(
        chunked_fetch=self.chunked_fetch, chunk_size=self.chunk_size
    )
  File "/Users/imyigitcengiz/Downloads/bidolupos-app/backend/venv/lib/python3.14/site-packages/django/db/models/sql/compiler.py", line 1624, in execute_sql
    cursor.execute(sql, params)
    ~~~~~~~~~~~~~~^^^^^^^^^^^^^
  File "/Users/imyigitcengiz/Downloads/bidolupos-app/backend/venv/lib/python3.14/site-packages/django/db/backends/utils.py", line 122, in execute
    return super().execute(sql, params)
           ~~~~~~~~~~~~~~~^^^^^^^^^^^^^
  File "/Users/imyigitcengiz/Downloads/bidolupos-app/backend/venv/lib/python3.14/site-packages/django/db/backends/utils.py", line 79, in execute
    return self._execute_with_wrappers(
           ~~~~~~~~~~~~~~~~~~~~~~~~~~~^
        sql, params, many=False, executor=self._execute
        ^^^^^^^^^^^^^^^^^^^^^^^^^^^^^^^^^^^^^^^^^^^^^^^
    )
    ^
  File "/Users/imyigitcengiz/Downloads/bidolupos-app/backend/venv/lib/python3.14/site-packages/django/db/backends/utils.py", line 92, in _execute_with_wrappers
    return executor(sql, params, many, context)
  File "/Users/imyigitcengiz/Downloads/bidolupos-app/backend/venv/lib/python3.14/site-packages/django/db/backends/utils.py", line 100, in _execute
    with self.db.wrap_database_errors:
         ^^^^^^^^^^^^^^^^^^^^^^^^^^^^
  File "/Users/imyigitcengiz/Downloads/bidolupos-app/backend/venv/lib/python3.14/site-packages/django/db/utils.py", line 94, in __exit__
    raise dj_exc_value.with_traceback(traceback) from exc_value
  File "/Users/imyigitcengiz/Downloads/bidolupos-app/backend/venv/lib/python3.14/site-packages/django/db/backends/utils.py", line 105, in _execute
    return self.cursor.execute(sql, params)
           ~~~~~~~~~~~~~~~~~~~^^^^^^^^^^^^^
  File "/Users/imyigitcengiz/Downloads/bidolupos-app/backend/venv/lib/python3.14/site-packages/django/db/backends/sqlite3/base.py", line 359, in execute
    return super().execute(query, params)
           ~~~~~~~~~~~~~~~^^^^^^^^^^^^^^^
django.db.utils.OperationalError: no such column: api_restaurantprofile.ext_qr_menu_enabled
[06/Jun/2026 03:20:16] "GET /api/restaurant-profile/ HTTP/1.1" 500 180083
Internal Server Error: /api/restaurant-profile/
Traceback (most recent call last):
  File "/Users/imyigitcengiz/Downloads/bidolupos-app/backend/venv/lib/python3.14/site-packages/django/db/backends/utils.py", line 105, in _execute
    return self.cursor.execute(sql, params)
           ~~~~~~~~~~~~~~~~~~~^^^^^^^^^^^^^
  File "/Users/imyigitcengiz/Downloads/bidolupos-app/backend/venv/lib/python3.14/site-packages/django/db/backends/sqlite3/base.py", line 359, in execute
    return super().execute(query, params)
           ~~~~~~~~~~~~~~~^^^^^^^^^^^^^^^
sqlite3.OperationalError: no such column: api_restaurantprofile.ext_qr_menu_enabled

The above exception was the direct cause of the following exception:

Traceback (most recent call last):
  File "/Users/imyigitcengiz/Downloads/bidolupos-app/backend/venv/lib/python3.14/site-packages/django/core/handlers/exception.py", line 55, in inner
    response = get_response(request)
  File "/Users/imyigitcengiz/Downloads/bidolupos-app/backend/venv/lib/python3.14/site-packages/django/core/handlers/base.py", line 198, in _get_response
    response = wrapped_callback(request, *callback_args, **callback_kwargs)
  File "/Users/imyigitcengiz/Downloads/bidolupos-app/backend/venv/lib/python3.14/site-packages/django/views/decorators/csrf.py", line 65, in _view_wrapper
    return view_func(request, *args, **kwargs)
  File "/Users/imyigitcengiz/Downloads/bidolupos-app/backend/venv/lib/python3.14/site-packages/rest_framework/viewsets.py", line 125, in view
    return self.dispatch(request, *args, **kwargs)
           ~~~~~~~~~~~~~^^^^^^^^^^^^^^^^^^^^^^^^^^
  File "/Users/imyigitcengiz/Downloads/bidolupos-app/backend/venv/lib/python3.14/site-packages/rest_framework/views.py", line 515, in dispatch
    response = self.handle_exception(exc)
  File "/Users/imyigitcengiz/Downloads/bidolupos-app/backend/venv/lib/python3.14/site-packages/rest_framework/views.py", line 475, in handle_exception
    self.raise_uncaught_exception(exc)
    ~~~~~~~~~~~~~~~~~~~~~~~~~~~~~^^^^^
  File "/Users/imyigitcengiz/Downloads/bidolupos-app/backend/venv/lib/python3.14/site-packages/rest_framework/views.py", line 486, in raise_uncaught_exception
    raise exc
  File "/Users/imyigitcengiz/Downloads/bidolupos-app/backend/venv/lib/python3.14/site-packages/rest_framework/views.py", line 512, in dispatch
    response = handler(request, *args, **kwargs)
  File "/Users/imyigitcengiz/Downloads/bidolupos-app/backend/venv/lib/python3.14/site-packages/rest_framework/mixins.py", line 46, in list
    return Response(serializer.data)
                    ^^^^^^^^^^^^^^^
  File "/Users/imyigitcengiz/Downloads/bidolupos-app/backend/venv/lib/python3.14/site-packages/rest_framework/serializers.py", line 809, in data
    ret = super().data
          ^^^^^^^^^^^^
  File "/Users/imyigitcengiz/Downloads/bidolupos-app/backend/venv/lib/python3.14/site-packages/rest_framework/serializers.py", line 251, in data
    self._data = self.to_representation(self.instance)
                 ~~~~~~~~~~~~~~~~~~~~~~^^^^^^^^^^^^^^^
  File "/Users/imyigitcengiz/Downloads/bidolupos-app/backend/venv/lib/python3.14/site-packages/rest_framework/serializers.py", line 728, in to_representation
    self.child.to_representation(item) for item in iterable
                                                   ^^^^^^^^
  File "/Users/imyigitcengiz/Downloads/bidolupos-app/backend/venv/lib/python3.14/site-packages/django/db/models/query.py", line 390, in __iter__
    self._fetch_all()
    ~~~~~~~~~~~~~~~^^
  File "/Users/imyigitcengiz/Downloads/bidolupos-app/backend/venv/lib/python3.14/site-packages/django/db/models/query.py", line 2000, in _fetch_all
    self._result_cache = list(self._iterable_class(self))
                         ~~~~^^^^^^^^^^^^^^^^^^^^^^^^^^^^
  File "/Users/imyigitcengiz/Downloads/bidolupos-app/backend/venv/lib/python3.14/site-packages/django/db/models/query.py", line 95, in __iter__
    results = compiler.execute_sql(
        chunked_fetch=self.chunked_fetch, chunk_size=self.chunk_size
    )
  File "/Users/imyigitcengiz/Downloads/bidolupos-app/backend/venv/lib/python3.14/site-packages/django/db/models/sql/compiler.py", line 1624, in execute_sql
    cursor.execute(sql, params)
    ~~~~~~~~~~~~~~^^^^^^^^^^^^^
  File "/Users/imyigitcengiz/Downloads/bidolupos-app/backend/venv/lib/python3.14/site-packages/django/db/backends/utils.py", line 122, in execute
    return super().execute(sql, params)
           ~~~~~~~~~~~~~~~^^^^^^^^^^^^^
  File "/Users/imyigitcengiz/Downloads/bidolupos-app/backend/venv/lib/python3.14/site-packages/django/db/backends/utils.py", line 79, in execute
    return self._execute_with_wrappers(
           ~~~~~~~~~~~~~~~~~~~~~~~~~~~^
        sql, params, many=False, executor=self._execute
        ^^^^^^^^^^^^^^^^^^^^^^^^^^^^^^^^^^^^^^^^^^^^^^^
    )
    ^
  File "/Users/imyigitcengiz/Downloads/bidolupos-app/backend/venv/lib/python3.14/site-packages/django/db/backends/utils.py", line 92, in _execute_with_wrappers
    return executor(sql, params, many, context)
  File "/Users/imyigitcengiz/Downloads/bidolupos-app/backend/venv/lib/python3.14/site-packages/django/db/backends/utils.py", line 100, in _execute
    with self.db.wrap_database_errors:
         ^^^^^^^^^^^^^^^^^^^^^^^^^^^^
  File "/Users/imyigitcengiz/Downloads/bidolupos-app/backend/venv/lib/python3.14/site-packages/django/db/utils.py", line 94, in __exit__
    raise dj_exc_value.with_traceback(traceback) from exc_value
  File "/Users/imyigitcengiz/Downloads/bidolupos-app/backend/venv/lib/python3.14/site-packages/django/db/backends/utils.py", line 105, in _execute
    return self.cursor.execute(sql, params)
           ~~~~~~~~~~~~~~~~~~~^^^^^^^^^^^^^
  File "/Users/imyigitcengiz/Downloads/bidolupos-app/backend/venv/lib/python3.14/site-packages/django/db/backends/sqlite3/base.py", line 359, in execute
    return super().execute(query, params)
           ~~~~~~~~~~~~~~~^^^^^^^^^^^^^^^
django.db.utils.OperationalError: no such column: api_restaurantprofile.ext_qr_menu_enabled
[06/Jun/2026 03:20:17] "GET /api/restaurant-profile/ HTTP/1.1" 500 180083
Internal Server Error: /api/restaurant-profile/
Traceback (most recent call last):
  File "/Users/imyigitcengiz/Downloads/bidolupos-app/backend/venv/lib/python3.14/site-packages/django/db/backends/utils.py", line 105, in _execute
    return self.cursor.execute(sql, params)
           ~~~~~~~~~~~~~~~~~~~^^^^^^^^^^^^^
  File "/Users/imyigitcengiz/Downloads/bidolupos-app/backend/venv/lib/python3.14/site-packages/django/db/backends/sqlite3/base.py", line 359, in execute
    return super().execute(query, params)
           ~~~~~~~~~~~~~~~^^^^^^^^^^^^^^^
sqlite3.OperationalError: no such column: api_restaurantprofile.ext_qr_menu_enabled

The above exception was the direct cause of the following exception:

Traceback (most recent call last):
  File "/Users/imyigitcengiz/Downloads/bidolupos-app/backend/venv/lib/python3.14/site-packages/django/core/handlers/exception.py", line 55, in inner
    response = get_response(request)
  File "/Users/imyigitcengiz/Downloads/bidolupos-app/backend/venv/lib/python3.14/site-packages/django/core/handlers/base.py", line 198, in _get_response
    response = wrapped_callback(request, *callback_args, **callback_kwargs)
  File "/Users/imyigitcengiz/Downloads/bidolupos-app/backend/venv/lib/python3.14/site-packages/django/views/decorators/csrf.py", line 65, in _view_wrapper
    return view_func(request, *args, **kwargs)
  File "/Users/imyigitcengiz/Downloads/bidolupos-app/backend/venv/lib/python3.14/site-packages/rest_framework/viewsets.py", line 125, in view
    return self.dispatch(request, *args, **kwargs)
           ~~~~~~~~~~~~~^^^^^^^^^^^^^^^^^^^^^^^^^^
  File "/Users/imyigitcengiz/Downloads/bidolupos-app/backend/venv/lib/python3.14/site-packages/rest_framework/views.py", line 515, in dispatch
    response = self.handle_exception(exc)
  File "/Users/imyigitcengiz/Downloads/bidolupos-app/backend/venv/lib/python3.14/site-packages/rest_framework/views.py", line 475, in handle_exception
    self.raise_uncaught_exception(exc)
    ~~~~~~~~~~~~~~~~~~~~~~~~~~~~~^^^^^
  File "/Users/imyigitcengiz/Downloads/bidolupos-app/backend/venv/lib/python3.14/site-packages/rest_framework/views.py", line 486, in raise_uncaught_exception
    raise exc
  File "/Users/imyigitcengiz/Downloads/bidolupos-app/backend/venv/lib/python3.14/site-packages/rest_framework/views.py", line 512, in dispatch
    response = handler(request, *args, **kwargs)
  File "/Users/imyigitcengiz/Downloads/bidolupos-app/backend/venv/lib/python3.14/site-packages/rest_framework/mixins.py", line 46, in list
    return Response(serializer.data)
                    ^^^^^^^^^^^^^^^
  File "/Users/imyigitcengiz/Downloads/bidolupos-app/backend/venv/lib/python3.14/site-packages/rest_framework/serializers.py", line 809, in data
    ret = super().data
          ^^^^^^^^^^^^
  File "/Users/imyigitcengiz/Downloads/bidolupos-app/backend/venv/lib/python3.14/site-packages/rest_framework/serializers.py", line 251, in data
    self._data = self.to_representation(self.instance)
                 ~~~~~~~~~~~~~~~~~~~~~~^^^^^^^^^^^^^^^
  File "/Users/imyigitcengiz/Downloads/bidolupos-app/backend/venv/lib/python3.14/site-packages/rest_framework/serializers.py", line 728, in to_representation
    self.child.to_representation(item) for item in iterable
                                                   ^^^^^^^^
  File "/Users/imyigitcengiz/Downloads/bidolupos-app/backend/venv/lib/python3.14/site-packages/django/db/models/query.py", line 390, in __iter__
    self._fetch_all()
    ~~~~~~~~~~~~~~~^^
  File "/Users/imyigitcengiz/Downloads/bidolupos-app/backend/venv/lib/python3.14/site-packages/django/db/models/query.py", line 2000, in _fetch_all
    self._result_cache = list(self._iterable_class(self))
                         ~~~~^^^^^^^^^^^^^^^^^^^^^^^^^^^^
  File "/Users/imyigitcengiz/Downloads/bidolupos-app/backend/venv/lib/python3.14/site-packages/django/db/models/query.py", line 95, in __iter__
    results = compiler.execute_sql(
        chunked_fetch=self.chunked_fetch, chunk_size=self.chunk_size
    )
  File "/Users/imyigitcengiz/Downloads/bidolupos-app/backend/venv/lib/python3.14/site-packages/django/db/models/sql/compiler.py", line 1624, in execute_sql
    cursor.execute(sql, params)
    ~~~~~~~~~~~~~~^^^^^^^^^^^^^
  File "/Users/imyigitcengiz/Downloads/bidolupos-app/backend/venv/lib/python3.14/site-packages/django/db/backends/utils.py", line 122, in execute
    return super().execute(sql, params)
           ~~~~~~~~~~~~~~~^^^^^^^^^^^^^
  File "/Users/imyigitcengiz/Downloads/bidolupos-app/backend/venv/lib/python3.14/site-packages/django/db/backends/utils.py", line 79, in execute
    return self._execute_with_wrappers(
           ~~~~~~~~~~~~~~~~~~~~~~~~~~~^
        sql, params, many=False, executor=self._execute
        ^^^^^^^^^^^^^^^^^^^^^^^^^^^^^^^^^^^^^^^^^^^^^^^
    )
    ^
  File "/Users/imyigitcengiz/Downloads/bidolupos-app/backend/venv/lib/python3.14/site-packages/django/db/backends/utils.py", line 92, in _execute_with_wrappers
    return executor(sql, params, many, context)
  File "/Users/imyigitcengiz/Downloads/bidolupos-app/backend/venv/lib/python3.14/site-packages/django/db/backends/utils.py", line 100, in _execute
    with self.db.wrap_database_errors:
         ^^^^^^^^^^^^^^^^^^^^^^^^^^^^
  File "/Users/imyigitcengiz/Downloads/bidolupos-app/backend/venv/lib/python3.14/site-packages/django/db/utils.py", line 94, in __exit__
    raise dj_exc_value.with_traceback(traceback) from exc_value
  File "/Users/imyigitcengiz/Downloads/bidolupos-app/backend/venv/lib/python3.14/site-packages/django/db/backends/utils.py", line 105, in _execute
    return self.cursor.execute(sql, params)
           ~~~~~~~~~~~~~~~~~~~^^^^^^^^^^^^^
  File "/Users/imyigitcengiz/Downloads/bidolupos-app/backend/venv/lib/python3.14/site-packages/django/db/backends/sqlite3/base.py", line 359, in execute
    return super().execute(query, params)
           ~~~~~~~~~~~~~~~^^^^^^^^^^^^^^^
django.db.utils.OperationalError: no such column: api_restaurantprofile.ext_qr_menu_enabled
[06/Jun/2026 03:20:17] "GET /api/restaurant-profile/ HTTP/1.1" 500 180083
[06/Jun/2026 03:20:18] "GET /api/whatsapp-configs/ HTTP/1.1" 200 216
[06/Jun/2026 03:20:18] "GET /api/customers/ HTTP/1.1" 200 392
[06/Jun/2026 03:20:18] "GET /api/whatsapp-configs/ HTTP/1.1" 200 216
[06/Jun/2026 03:20:18] "GET /api/customers/ HTTP/1.1" 200 392
[06/Jun/2026 03:20:32] "GET /api/customers/ HTTP/1.1" 200 392
[06/Jun/2026 03:20:32] "GET /api/restaurant-profile/ HTTP/1.1" 200 1022
[06/Jun/2026 03:20:32] "GET /api/whatsapp-configs/ HTTP/1.1" 200 216
[06/Jun/2026 03:20:32] "GET /api/customers/ HTTP/1.1" 200 392
[06/Jun/2026 03:20:32] "GET /api/restaurant-profile/ HTTP/1.1" 200 1022
[06/Jun/2026 03:20:32] "GET /api/whatsapp-configs/ HTTP/1.1" 200 216
[06/Jun/2026 03:20:32] "GET /api/whatsapp-configs/ HTTP/1.1" 200 216
[06/Jun/2026 03:20:32] "GET /api/customers/ HTTP/1.1" 200 392
[06/Jun/2026 03:20:32] "GET /api/restaurant-profile/ HTTP/1.1" 200 1022
[06/Jun/2026 03:20:33] "GET /api/customers/ HTTP/1.1" 200 392
[06/Jun/2026 03:20:33] "GET /api/restaurant-profile/ HTTP/1.1" 200 1022
[06/Jun/2026 03:20:33] "GET /api/whatsapp-configs/ HTTP/1.1" 200 216
[06/Jun/2026 03:20:33] "GET /api/customers/ HTTP/1.1" 200 392
[06/Jun/2026 03:20:33] "GET /api/restaurant-profile/ HTTP/1.1" 200 1022
[06/Jun/2026 03:20:33] "GET /api/whatsapp-configs/ HTTP/1.1" 200 216
[06/Jun/2026 03:20:33] "GET /api/customers/ HTTP/1.1" 200 392
[06/Jun/2026 03:20:33] "GET /api/whatsapp-configs/ HTTP/1.1" 200 216
[06/Jun/2026 03:20:33] "GET /api/restaurant-profile/ HTTP/1.1" 200 1022
[06/Jun/2026 03:20:33] "GET /api/customers/ HTTP/1.1" 200 392
[06/Jun/2026 03:20:33] "GET /api/whatsapp-configs/ HTTP/1.1" 200 216
[06/Jun/2026 03:20:33] "GET /api/restaurant-profile/ HTTP/1.1" 200 1022
[06/Jun/2026 03:20:34] "GET /api/restaurant-profile/ HTTP/1.1" 200 1022
[06/Jun/2026 03:20:34] "GET /api/restaurant-profile/ HTTP/1.1" 200 1022
[06/Jun/2026 03:20:35] "GET /api/restaurant-profile/ HTTP/1.1" 200 1022
[06/Jun/2026 03:20:35] "GET /api/restaurant-profile/ HTTP/1.1" 200 1022
[06/Jun/2026 03:20:36] "GET /api/customers/ HTTP/1.1" 200 392
[06/Jun/2026 03:20:36] "GET /api/whatsapp-configs/ HTTP/1.1" 200 216
[06/Jun/2026 03:20:36] "GET /api/customers/ HTTP/1.1" 200 392
[06/Jun/2026 03:20:36] "GET /api/whatsapp-configs/ HTTP/1.1" 200 216
[06/Jun/2026 03:20:40] "GET /api/whatsapp-configs/ HTTP/1.1" 200 216
[06/Jun/2026 03:20:40] "GET /api/customers/ HTTP/1.1" 200 392
[06/Jun/2026 03:20:40] "GET /api/restaurant-profile/ HTTP/1.1" 200 1022
[06/Jun/2026 03:20:40] "GET /api/whatsapp-configs/ HTTP/1.1" 200 216
[06/Jun/2026 03:20:40] "GET /api/customers/ HTTP/1.1" 200 392
[06/Jun/2026 03:20:40] "GET /api/restaurant-profile/ HTTP/1.1" 200 1022
[06/Jun/2026 03:20:41] "GET /api/customers/ HTTP/1.1" 200 392
[06/Jun/2026 03:20:41] "GET /api/whatsapp-configs/ HTTP/1.1" 200 216
[06/Jun/2026 03:20:41] "GET /api/restaurant-profile/ HTTP/1.1" 200 1022
[06/Jun/2026 03:20:41] "GET /api/customers/ HTTP/1.1" 200 392
[06/Jun/2026 03:20:41] "GET /api/restaurant-profile/ HTTP/1.1" 200 1022
[06/Jun/2026 03:20:41] "GET /api/whatsapp-configs/ HTTP/1.1" 200 216
[06/Jun/2026 03:20:43] "GET /api/cash-registers/ HTTP/1.1" 200 79
[06/Jun/2026 03:20:43] "GET /api/cash-registers/ HTTP/1.1" 200 79
[06/Jun/2026 03:20:43] "GET /api/cash-transactions/?register=7 HTTP/1.1" 200 2
[06/Jun/2026 03:20:43] "GET /api/cash-transactions/?register=7 HTTP/1.1" 200 2
[06/Jun/2026 03:20:44] "GET /api/ingredients/ HTTP/1.1" 200 599
[06/Jun/2026 03:20:44] "GET /api/recipes/ HTTP/1.1" 200 352
[06/Jun/2026 03:20:44] "GET /api/recipe-ingredients/ HTTP/1.1" 200 275
[06/Jun/2026 03:20:44] "GET /api/recipe-ingredients/ HTTP/1.1" 200 275
[06/Jun/2026 03:20:44] "GET /api/ingredients/ HTTP/1.1" 200 599
[06/Jun/2026 03:20:44] "GET /api/recipes/ HTTP/1.1" 200 352
[06/Jun/2026 03:20:44] "GET /api/menu-items/ HTTP/1.1" 200 2583
[06/Jun/2026 03:20:44] "GET /api/menu-items/ HTTP/1.1" 200 2583
[06/Jun/2026 03:20:44] "GET /api/categories/ HTTP/1.1" 200 230
[06/Jun/2026 03:20:44] "GET /api/categories/ HTTP/1.1" 200 230
[06/Jun/2026 03:20:44] "GET /api/menu-items/ HTTP/1.1" 200 2583
[06/Jun/2026 03:20:44] "GET /api/menu-items/ HTTP/1.1" 200 2583
[06/Jun/2026 03:20:45] "GET /api/orders/?active=true HTTP/1.1" 200 2
[06/Jun/2026 03:20:45] "GET /api/orders/?active=true HTTP/1.1" 200 2
[06/Jun/2026 03:20:45] "GET /api/couriers/ HTTP/1.1" 200 219
[06/Jun/2026 03:20:45] "GET /api/order-channels/ HTTP/1.1" 200 565
[06/Jun/2026 03:20:45] "GET /api/couriers/ HTTP/1.1" 200 219
[06/Jun/2026 03:20:45] "GET /api/order-channels/ HTTP/1.1" 200 565
[06/Jun/2026 03:20:45] "GET /api/orders/ HTTP/1.1" 200 22823
[06/Jun/2026 03:20:45] "GET /api/orders/ HTTP/1.1" 200 22823
[06/Jun/2026 03:20:46] "GET /api/tables/ HTTP/1.1" 200 720
[06/Jun/2026 03:20:46] "GET /api/orders/?active=true HTTP/1.1" 200 2
[06/Jun/2026 03:20:46] "GET /api/tables/ HTTP/1.1" 200 720
[06/Jun/2026 03:20:46] "GET /api/orders/?active=true HTTP/1.1" 200 2
[06/Jun/2026 03:20:47] "GET /api/dashboard-stats/ HTTP/1.1" 200 572
[06/Jun/2026 03:20:47] "GET /api/dashboard-stats/ HTTP/1.1" 200 572
[06/Jun/2026 03:20:51] "GET /api/tables/ HTTP/1.1" 200 720
[06/Jun/2026 03:20:51] "GET /api/orders/?active=true HTTP/1.1" 200 2
[06/Jun/2026 03:20:51] "GET /api/tables/ HTTP/1.1" 200 720
[06/Jun/2026 03:20:51] "GET /api/orders/?active=true HTTP/1.1" 200 2
[06/Jun/2026 03:20:52] "GET /api/dashboard-stats/ HTTP/1.1" 200 572
[06/Jun/2026 03:20:52] "GET /api/dashboard-stats/ HTTP/1.1" 200 572
[06/Jun/2026 03:20:53] "GET /api/tables/ HTTP/1.1" 200 720
[06/Jun/2026 03:20:53] "GET /api/orders/?active=true HTTP/1.1" 200 2
[06/Jun/2026 03:20:53] "GET /api/tables/ HTTP/1.1" 200 720
[06/Jun/2026 03:20:53] "GET /api/orders/?active=true HTTP/1.1" 200 2
[06/Jun/2026 03:20:54] "GET /api/couriers/ HTTP/1.1" 200 219
[06/Jun/2026 03:20:54] "GET /api/order-channels/ HTTP/1.1" 200 565
[06/Jun/2026 03:20:54] "GET /api/order-channels/ HTTP/1.1" 200 565
[06/Jun/2026 03:20:54] "GET /api/couriers/ HTTP/1.1" 200 219
[06/Jun/2026 03:20:54] "GET /api/orders/ HTTP/1.1" 200 22823
[06/Jun/2026 03:20:54] "GET /api/orders/ HTTP/1.1" 200 22823
[06/Jun/2026 03:20:55] "GET /api/orders/?active=true HTTP/1.1" 200 2
[06/Jun/2026 03:20:55] "GET /api/orders/?active=true HTTP/1.1" 200 2
[06/Jun/2026 03:20:56] "GET /api/categories/ HTTP/1.1" 200 230
[06/Jun/2026 03:20:56] "GET /api/categories/ HTTP/1.1" 200 230
[06/Jun/2026 03:20:56] "GET /api/menu-items/ HTTP/1.1" 200 2583
[06/Jun/2026 03:20:56] "GET /api/menu-items/ HTTP/1.1" 200 2583
[06/Jun/2026 03:20:57] "GET /api/ingredients/ HTTP/1.1" 200 599
[06/Jun/2026 03:20:57] "GET /api/recipes/ HTTP/1.1" 200 352
[06/Jun/2026 03:20:57] "GET /api/recipe-ingredients/ HTTP/1.1" 200 275
[06/Jun/2026 03:20:57] "GET /api/ingredients/ HTTP/1.1" 200 599
[06/Jun/2026 03:20:57] "GET /api/recipe-ingredients/ HTTP/1.1" 200 275
[06/Jun/2026 03:20:57] "GET /api/recipes/ HTTP/1.1" 200 352
[06/Jun/2026 03:20:57] "GET /api/menu-items/ HTTP/1.1" 200 2583
[06/Jun/2026 03:20:57] "GET /api/menu-items/ HTTP/1.1" 200 2583
[06/Jun/2026 03:20:58] "GET /api/dashboard-stats/ HTTP/1.1" 200 572
[06/Jun/2026 03:20:58] "GET /api/dashboard-stats/ HTTP/1.1" 200 572
[06/Jun/2026 03:21:03] "GET /api/categories/ HTTP/1.1" 200 230
[06/Jun/2026 03:21:03] "GET /api/categories/ HTTP/1.1" 200 230
[06/Jun/2026 03:21:03] "GET /api/menu-items/ HTTP/1.1" 200 2583
[06/Jun/2026 03:21:03] "GET /api/menu-items/ HTTP/1.1" 200 2583
[06/Jun/2026 03:21:04] "GET /api/categories/ HTTP/1.1" 200 230
[06/Jun/2026 03:21:04] "GET /api/restaurant-profile/ HTTP/1.1" 200 1022
[06/Jun/2026 03:21:04] "GET /api/menu-items/ HTTP/1.1" 200 2583
[06/Jun/2026 03:21:04] "GET /api/ingredients/ HTTP/1.1" 200 599
[06/Jun/2026 03:21:04] "GET /api/recipes/ HTTP/1.1" 200 352
[06/Jun/2026 03:21:04] "GET /api/recipe-ingredients/ HTTP/1.1" 200 275
[06/Jun/2026 03:21:04] "GET /api/recipes/ HTTP/1.1" 200 352
[06/Jun/2026 03:21:04] "GET /api/ingredients/ HTTP/1.1" 200 599
[06/Jun/2026 03:21:04] "GET /api/recipe-ingredients/ HTTP/1.1" 200 275
[06/Jun/2026 03:21:04] "GET /api/menu-items/ HTTP/1.1" 200 2583
[06/Jun/2026 03:21:04] "GET /api/menu-items/ HTTP/1.1" 200 2583
[06/Jun/2026 03:21:06] "GET /api/customers/ HTTP/1.1" 200 392
[06/Jun/2026 03:21:06] "GET /api/whatsapp-configs/ HTTP/1.1" 200 216
[06/Jun/2026 03:21:06] "GET /api/customers/ HTTP/1.1" 200 392
[06/Jun/2026 03:21:06] "GET /api/whatsapp-configs/ HTTP/1.1" 200 216
[06/Jun/2026 03:21:06] "GET /api/restaurant-profile/ HTTP/1.1" 200 1022
[06/Jun/2026 03:21:06] "GET /api/restaurant-profile/ HTTP/1.1" 200 1022
[06/Jun/2026 03:21:07] "GET /api/customers/ HTTP/1.1" 200 392
[06/Jun/2026 03:21:07] "GET /api/whatsapp-configs/ HTTP/1.1" 200 216
[06/Jun/2026 03:21:07] "GET /api/whatsapp-configs/ HTTP/1.1" 200 216
[06/Jun/2026 03:21:07] "GET /api/customers/ HTTP/1.1" 200 392
[06/Jun/2026 03:21:09] "OPTIONS /api/restaurant-profile/5/ HTTP/1.1" 200 0
[06/Jun/2026 03:21:09] "PATCH /api/restaurant-profile/5/ HTTP/1.1" 200 1021
[06/Jun/2026 03:21:09] "GET /api/restaurant-profile/ HTTP/1.1" 200 1023
[06/Jun/2026 03:21:10] "PATCH /api/restaurant-profile/5/ HTTP/1.1" 200 1022
[06/Jun/2026 03:21:10] "GET /api/restaurant-profile/ HTTP/1.1" 200 1024
[06/Jun/2026 03:21:11] "PATCH /api/restaurant-profile/5/ HTTP/1.1" 200 1021
[06/Jun/2026 03:21:11] "GET /api/restaurant-profile/ HTTP/1.1" 200 1023
[06/Jun/2026 03:21:12] "PATCH /api/restaurant-profile/5/ HTTP/1.1" 200 1020
[06/Jun/2026 03:21:12] "GET /api/restaurant-profile/ HTTP/1.1" 200 1022
[06/Jun/2026 03:21:13] "PATCH /api/restaurant-profile/5/ HTTP/1.1" 200 1021
[06/Jun/2026 03:21:13] "GET /api/restaurant-profile/ HTTP/1.1" 200 1023
[06/Jun/2026 03:21:14] "PATCH /api/restaurant-profile/5/ HTTP/1.1" 200 1020
[06/Jun/2026 03:21:14] "GET /api/restaurant-profile/ HTTP/1.1" 200 1022
